#
# There is insufficient memory for the Java Runtime Environment to continue.
# Native memory allocation (malloc) failed to allocate 1695536 bytes for Chunk::new
# Possible reasons:
#   The system is out of physical RAM or swap space
#   The process is running with CompressedOops enabled, and the Java Heap may be blocking the growth of the native heap
# Possible solutions:
#   Reduce memory load on the system
#   Increase physical memory or swap space
#   Check if swap backing store is full
#   Decrease Java heap size (-Xmx/-Xms)
#   Decrease number of Java threads
#   Decrease Java thread stack sizes (-Xss)
#   Set larger code cache with -XX:ReservedCodeCacheSize=
#   JVM is running with Unscaled Compressed Oops mode in which the Java heap is
#     placed in the first 4GB address space. The Java Heap base address is the
#     maximum limit for the native heap growth. Please use -XX:HeapBaseMinAddress
#     to set the Java Heap base and to place the Java Heap above 4GB virtual address.
# This output file may be truncated or incomplete.
#
#  Out of Memory Error (arena.cpp:189), pid=12724, tid=4000
#
# JRE version: Java(TM) SE Runtime Environment (17.0.9+11) (build 17.0.9+11-LTS-201)
# Java VM: Java HotSpot(TM) 64-Bit Server VM (17.0.9+11-LTS-201, mixed mode, sharing, tiered, compressed oops, compressed class ptrs, g1 gc, windows-amd64)
# No core dump will be written. Minidumps are not enabled by default on client versions of Windows
#

---------------  S U M M A R Y ------------

Command Line: -javaagent:C:\Program Files\JetBrains\IntelliJ IDEA Community Edition 2023.2.4\lib\idea_rt.jar=58460:C:\Program Files\JetBrains\IntelliJ IDEA Community Edition 2023.2.4\bin -Dfile.encoding=UTF-8 com.vecfonds.identity_service.IdentityServiceApplication

Host: Intel(R) Core(TM) i7-8565U CPU @ 1.80GHz, 8 cores, 7G,  Windows 10 , 64 bit Build 19041 (10.0.19041.3636)
Time: Sun Jul  7 22:29:13 2024 SE Asia Standard Time elapsed time: 12.297648 seconds (0d 0h 0m 12s)

---------------  T H R E A D  ---------------

Current thread (0x000001f5235cc460):  JavaThread "C2 CompilerThread0" daemon [_thread_in_native, id=4000, stack(0x000000428f200000,0x000000428f300000)]


Current CompileTask:
C2:  12298 5217   !   4       org.springframework.core.annotation.AnnotationsScanner::processMethodHierarchy (276 bytes)

Stack: [0x000000428f200000,0x000000428f300000]
Native frames: (J=compiled Java code, j=interpreted, Vv=VM code, C=native code)
V  [jvm.dll+0x678a4a]
V  [jvm.dll+0x7d9cfd]
V  [jvm.dll+0x7db60e]
V  [jvm.dll+0x7dbc73]
V  [jvm.dll+0x245e1f]
V  [jvm.dll+0xaaafb]
V  [jvm.dll+0xab09c]
V  [jvm.dll+0x36232f]
V  [jvm.dll+0x32ca01]
V  [jvm.dll+0x32be9a]
V  [jvm.dll+0x21812f]
V  [jvm.dll+0x217561]
V  [jvm.dll+0x1a3bc0]
V  [jvm.dll+0x2272de]
V  [jvm.dll+0x22548b]
V  [jvm.dll+0x78f58c]
V  [jvm.dll+0x78998a]
V  [jvm.dll+0x677875]
C  [ucrtbase.dll+0x21bb2]
C  [KERNEL32.DLL+0x17344]
C  [ntdll.dll+0x526b1]


---------------  P R O C E S S  ---------------

Threads class SMR info:
_java_thread_list=0x000001f569c7dfc0, length=31, elements={
0x000001f5235b4a70, 0x000001f5235b58f0, 0x000001f5235c6000, 0x000001f5235c7bd0,
0x000001f5235cadb0, 0x000001f5235cb770, 0x000001f5235cc460, 0x000001f5235cd600,
0x000001f5235f23d0, 0x000001f5237d3850, 0x000001f523a6fed0, 0x000001f523a703b0,
0x000001f56a0717d0, 0x000001f56a981020, 0x000001f5693ee1b0, 0x000001f5693ee690,
0x000001f56b3a2820, 0x000001f56b443030, 0x000001f56b62d890, 0x000001f56b62dda0,
0x000001f56b62e7c0, 0x000001f56b62bf40, 0x000001f56b62c450, 0x000001f56b62c960,
0x000001f56b62ce70, 0x000001f56b62d380, 0x000001f56b62ecd0, 0x000001f56b62b520,
0x000001f56b62ba30, 0x000001f56b75b260, 0x000001f56b75f430
}

Java Threads: ( => current thread )
  0x000001f5235b4a70 JavaThread "Reference Handler" daemon [_thread_blocked, id=2496, stack(0x000000428ec00000,0x000000428ed00000)]
  0x000001f5235b58f0 JavaThread "Finalizer" daemon [_thread_blocked, id=4648, stack(0x000000428ed00000,0x000000428ee00000)]
  0x000001f5235c6000 JavaThread "Signal Dispatcher" daemon [_thread_blocked, id=18084, stack(0x000000428ee00000,0x000000428ef00000)]
  0x000001f5235c7bd0 JavaThread "Attach Listener" daemon [_thread_blocked, id=18596, stack(0x000000428ef00000,0x000000428f000000)]
  0x000001f5235cadb0 JavaThread "Service Thread" daemon [_thread_blocked, id=12768, stack(0x000000428f000000,0x000000428f100000)]
  0x000001f5235cb770 JavaThread "Monitor Deflation Thread" daemon [_thread_blocked, id=7640, stack(0x000000428f100000,0x000000428f200000)]
=>0x000001f5235cc460 JavaThread "C2 CompilerThread0" daemon [_thread_in_native, id=4000, stack(0x000000428f200000,0x000000428f300000)]
  0x000001f5235cd600 JavaThread "C1 CompilerThread0" daemon [_thread_blocked, id=8012, stack(0x000000428f300000,0x000000428f400000)]
  0x000001f5235f23d0 JavaThread "Sweeper thread" daemon [_thread_blocked, id=6680, stack(0x000000428f400000,0x000000428f500000)]
  0x000001f5237d3850 JavaThread "Common-Cleaner" daemon [_thread_blocked, id=16984, stack(0x000000428f500000,0x000000428f600000)]
  0x000001f523a6fed0 JavaThread "Monitor Ctrl-Break" daemon [_thread_in_native, id=3288, stack(0x000000428f600000,0x000000428f700000)]
  0x000001f523a703b0 JavaThread "Notification Thread" daemon [_thread_blocked, id=19128, stack(0x000000428f700000,0x000000428f800000)]
  0x000001f56a0717d0 JavaThread "Catalina-utility-1" [_thread_blocked, id=13960, stack(0x000000428ff00000,0x0000004290000000)]
  0x000001f56a981020 JavaThread "Catalina-utility-2" [_thread_blocked, id=11036, stack(0x0000004290300000,0x0000004290400000)]
  0x000001f5693ee1b0 JavaThread "container-0" [_thread_blocked, id=4576, stack(0x0000004290400000,0x0000004290500000)]
  0x000001f5693ee690 JavaThread "mysql-cj-abandoned-connection-cleanup" daemon [_thread_blocked, id=13784, stack(0x0000004290500000,0x0000004290600000)]
  0x000001f56b3a2820 JavaThread "HikariPool-1 housekeeper" daemon [_thread_blocked, id=7244, stack(0x0000004290700000,0x0000004290800000)]
  0x000001f56b443030 JavaThread "HikariPool-1 connection adder" daemon [_thread_blocked, id=17884, stack(0x0000004290800000,0x0000004290900000)]
  0x000001f56b62d890 JavaThread "http-nio-8080-exec-1" daemon [_thread_blocked, id=8428, stack(0x0000004290900000,0x0000004290a00000)]
  0x000001f56b62dda0 JavaThread "http-nio-8080-exec-2" daemon [_thread_blocked, id=16172, stack(0x0000004290a00000,0x0000004290b00000)]
  0x000001f56b62e7c0 JavaThread "http-nio-8080-exec-3" daemon [_thread_blocked, id=4108, stack(0x0000004290b00000,0x0000004290c00000)]
  0x000001f56b62bf40 JavaThread "http-nio-8080-exec-4" daemon [_thread_blocked, id=9456, stack(0x0000004290c00000,0x0000004290d00000)]
  0x000001f56b62c450 JavaThread "http-nio-8080-exec-5" daemon [_thread_blocked, id=2828, stack(0x0000004290d00000,0x0000004290e00000)]
  0x000001f56b62c960 JavaThread "http-nio-8080-exec-6" daemon [_thread_blocked, id=12284, stack(0x0000004290e00000,0x0000004290f00000)]
  0x000001f56b62ce70 JavaThread "http-nio-8080-exec-7" daemon [_thread_blocked, id=9708, stack(0x0000004290f00000,0x0000004291000000)]
  0x000001f56b62d380 JavaThread "http-nio-8080-exec-8" daemon [_thread_blocked, id=12384, stack(0x0000004291000000,0x0000004291100000)]
  0x000001f56b62ecd0 JavaThread "http-nio-8080-exec-9" daemon [_thread_blocked, id=8016, stack(0x0000004291100000,0x0000004291200000)]
  0x000001f56b62b520 JavaThread "http-nio-8080-exec-10" daemon [_thread_blocked, id=1200, stack(0x0000004291200000,0x0000004291300000)]
  0x000001f56b62ba30 JavaThread "http-nio-8080-Poller" daemon [_thread_in_native, id=10012, stack(0x0000004291300000,0x0000004291400000)]
  0x000001f56b75b260 JavaThread "http-nio-8080-Acceptor" daemon [_thread_in_native, id=6844, stack(0x0000004291400000,0x0000004291500000)]
  0x000001f56b75f430 JavaThread "DestroyJavaVM" [_thread_blocked, id=16760, stack(0x000000428e500000,0x000000428e600000)]

Other Threads:
  0x000001f5235aa9e0 VMThread "VM Thread" [stack: 0x000000428eb00000,0x000000428ec00000] [id=8580]
  0x000001f5054b11d0 WatcherThread [stack: 0x000000428f800000,0x000000428f900000] [id=11344]
  0x000001f50550ca20 GCTaskThread "GC Thread#0" [stack: 0x000000428e600000,0x000000428e700000] [id=6280]
  0x000001f569894380 GCTaskThread "GC Thread#1" [stack: 0x000000428f900000,0x000000428fa00000] [id=13936]
  0x000001f56952c8a0 GCTaskThread "GC Thread#2" [stack: 0x000000428fa00000,0x000000428fb00000] [id=17632]
  0x000001f569745a20 GCTaskThread "GC Thread#3" [stack: 0x000000428fb00000,0x000000428fc00000] [id=10896]
  0x000001f56976da00 GCTaskThread "GC Thread#4" [stack: 0x000000428fc00000,0x000000428fd00000] [id=16712]
  0x000001f5698636f0 GCTaskThread "GC Thread#5" [stack: 0x000000428fd00000,0x000000428fe00000] [id=13652]
  0x000001f5699db920 GCTaskThread "GC Thread#6" [stack: 0x0000004290000000,0x0000004290100000] [id=9564]
  0x000001f569948fe0 GCTaskThread "GC Thread#7" [stack: 0x0000004290100000,0x0000004290200000] [id=18736]
  0x000001f50551d5b0 ConcurrentGCThread "G1 Main Marker" [stack: 0x000000428e700000,0x000000428e800000] [id=16564]
  0x000001f50551dfd0 ConcurrentGCThread "G1 Conc#0" [stack: 0x000000428e800000,0x000000428e900000] [id=4204]
  0x000001f56a69a320 ConcurrentGCThread "G1 Conc#1" [stack: 0x0000004290200000,0x0000004290300000] [id=19324]
  0x000001f5055756e0 ConcurrentGCThread "G1 Refine#0" [stack: 0x000000428e900000,0x000000428ea00000] [id=17096]
  0x000001f56988d8a0 ConcurrentGCThread "G1 Refine#1" [stack: 0x000000428fe00000,0x000000428ff00000] [id=18648]
  0x000001f523471220 ConcurrentGCThread "G1 Service" [stack: 0x000000428ea00000,0x000000428eb00000] [id=1088]

Threads with active compile tasks:
C2 CompilerThread0    12355 5217   !   4       org.springframework.core.annotation.AnnotationsScanner::processMethodHierarchy (276 bytes)

VM state: not at safepoint (normal execution)

VM Mutex/Monitor currently owned by a thread: None

Heap address: 0x0000000081e00000, size: 2018 MB, Compressed Oops mode: 32-bit

CDS archive(s) mapped at: [0x000001f524000000-0x000001f524bd0000-0x000001f524bd0000), size 12386304, SharedBaseAddress: 0x000001f524000000, ArchiveRelocationMode: 1.
Compressed class space mapped at: 0x000001f525000000-0x000001f565000000, reserved size: 1073741824
Narrow klass base: 0x000001f524000000, Narrow klass shift: 0, Narrow klass range: 0x100000000

GC Precious Log:
 CPUs: 8 total, 8 available
 Memory: 8067M
 Large Page Support: Disabled
 NUMA Support: Disabled
 Compressed Oops: Enabled (32-bit)
 Heap Region Size: 1M
 Heap Min Capacity: 8M
 Heap Initial Capacity: 128M
 Heap Max Capacity: 2018M
 Pre-touch: Disabled
 Parallel Workers: 8
 Concurrent Workers: 2
 Concurrent Refinement Workers: 8
 Periodic GC: Disabled

Heap:
 garbage-first heap   total 66560K, used 44736K [0x0000000081e00000, 0x0000000100000000)
  region size 1024K, 22 young (22528K), 4 survivors (4096K)
 Metaspace       used 66143K, committed 66688K, reserved 1114112K
  class space    used 9082K, committed 9344K, reserved 1048576K

Heap Regions: E=young(eden), S=young(survivor), O=old, HS=humongous(starts), HC=humongous(continues), CS=collection set, F=free, OA=open archive, CA=closed archive, TAMS=top-at-mark-start (previous, next)
|   0|0x0000000081e00000, 0x0000000081f00000, 0x0000000081f00000|100%|HS|  |TAMS 0x0000000081f00000, 0x0000000081e00000| Complete 
|   1|0x0000000081f00000, 0x0000000082000000, 0x0000000082000000|100%| O|  |TAMS 0x0000000082000000, 0x0000000081f00000| Untracked 
|   2|0x0000000082000000, 0x0000000082100000, 0x0000000082100000|100%| O|  |TAMS 0x0000000082100000, 0x0000000082000000| Untracked 
|   3|0x0000000082100000, 0x0000000082200000, 0x0000000082200000|100%| O|  |TAMS 0x0000000082200000, 0x0000000082100000| Untracked 
|   4|0x0000000082200000, 0x0000000082300000, 0x0000000082300000|100%| O|  |TAMS 0x0000000082300000, 0x0000000082200000| Untracked 
|   5|0x0000000082300000, 0x0000000082400000, 0x0000000082400000|100%| O|  |TAMS 0x0000000082400000, 0x0000000082300000| Untracked 
|   6|0x0000000082400000, 0x0000000082500000, 0x0000000082500000|100%| O|  |TAMS 0x0000000082500000, 0x0000000082400000| Untracked 
|   7|0x0000000082500000, 0x0000000082518000, 0x0000000082600000|  9%| O|  |TAMS 0x0000000082518000, 0x0000000082500000| Untracked 
|   8|0x0000000082600000, 0x0000000082700000, 0x0000000082700000|100%| O|  |TAMS 0x0000000082700000, 0x0000000082600000| Untracked 
|   9|0x0000000082700000, 0x0000000082800000, 0x0000000082800000|100%| O|  |TAMS 0x0000000082800000, 0x0000000082700000| Untracked 
|  10|0x0000000082800000, 0x0000000082900000, 0x0000000082900000|100%| O|  |TAMS 0x0000000082900000, 0x0000000082800000| Untracked 
|  11|0x0000000082900000, 0x0000000082a00000, 0x0000000082a00000|100%| O|  |TAMS 0x0000000082a00000, 0x0000000082900000| Untracked 
|  12|0x0000000082a00000, 0x0000000082b00000, 0x0000000082b00000|100%| O|  |TAMS 0x0000000082b00000, 0x0000000082a00000| Untracked 
|  13|0x0000000082b00000, 0x0000000082c00000, 0x0000000082c00000|100%| O|  |TAMS 0x0000000082c00000, 0x0000000082b00000| Untracked 
|  14|0x0000000082c00000, 0x0000000082d00000, 0x0000000082d00000|100%| O|  |TAMS 0x0000000082d00000, 0x0000000082c00000| Untracked 
|  15|0x0000000082d00000, 0x0000000082e00000, 0x0000000082e00000|100%| O|  |TAMS 0x0000000082e00000, 0x0000000082d00000| Untracked 
|  16|0x0000000082e00000, 0x0000000082f00000, 0x0000000082f00000|100%| O|  |TAMS 0x0000000082f00000, 0x0000000082e00000| Untracked 
|  17|0x0000000082f00000, 0x0000000083000000, 0x0000000083000000|100%| O|  |TAMS 0x0000000083000000, 0x0000000082f00000| Untracked 
|  18|0x0000000083000000, 0x0000000083100000, 0x0000000083100000|100%| O|  |TAMS 0x0000000083100000, 0x0000000083000000| Untracked 
|  19|0x0000000083100000, 0x0000000083200000, 0x0000000083200000|100%| O|  |TAMS 0x0000000083200000, 0x0000000083100000| Untracked 
|  20|0x0000000083200000, 0x0000000083300000, 0x0000000083300000|100%| O|  |TAMS 0x0000000083300000, 0x0000000083200000| Untracked 
|  21|0x0000000083300000, 0x0000000083400000, 0x0000000083400000|100%| O|  |TAMS 0x0000000083400000, 0x0000000083300000| Untracked 
|  22|0x0000000083400000, 0x0000000083500000, 0x0000000083500000|100%| O|  |TAMS 0x000000008343be00, 0x0000000083400000| Untracked 
|  23|0x0000000083500000, 0x00000000835ad400, 0x0000000083600000| 67%| O|  |TAMS 0x0000000083500000, 0x0000000083500000| Untracked 
|  24|0x0000000083600000, 0x0000000083600000, 0x0000000083700000|  0%| F|  |TAMS 0x0000000083600000, 0x0000000083600000| Untracked 
|  25|0x0000000083700000, 0x0000000083700000, 0x0000000083800000|  0%| F|  |TAMS 0x0000000083700000, 0x0000000083700000| Untracked 
|  26|0x0000000083800000, 0x0000000083800000, 0x0000000083900000|  0%| F|  |TAMS 0x0000000083800000, 0x0000000083800000| Untracked 
|  27|0x0000000083900000, 0x0000000083900000, 0x0000000083a00000|  0%| F|  |TAMS 0x0000000083900000, 0x0000000083900000| Untracked 
|  28|0x0000000083a00000, 0x0000000083a00000, 0x0000000083b00000|  0%| F|  |TAMS 0x0000000083a00000, 0x0000000083a00000| Untracked 
|  29|0x0000000083b00000, 0x0000000083b00000, 0x0000000083c00000|  0%| F|  |TAMS 0x0000000083b00000, 0x0000000083b00000| Untracked 
|  30|0x0000000083c00000, 0x0000000083c00000, 0x0000000083d00000|  0%| F|  |TAMS 0x0000000083c00000, 0x0000000083c00000| Untracked 
|  31|0x0000000083d00000, 0x0000000083d00000, 0x0000000083e00000|  0%| F|  |TAMS 0x0000000083d00000, 0x0000000083d00000| Untracked 
|  32|0x0000000083e00000, 0x0000000083e00000, 0x0000000083f00000|  0%| F|  |TAMS 0x0000000083e00000, 0x0000000083e00000| Untracked 
|  33|0x0000000083f00000, 0x0000000083feac00, 0x0000000084000000| 91%| S|CS|TAMS 0x0000000083f00000, 0x0000000083f00000| Complete 
|  34|0x0000000084000000, 0x0000000084100000, 0x0000000084100000|100%| S|CS|TAMS 0x0000000084000000, 0x0000000084000000| Complete 
|  35|0x0000000084100000, 0x0000000084200000, 0x0000000084200000|100%| S|CS|TAMS 0x0000000084100000, 0x0000000084100000| Complete 
|  36|0x0000000084200000, 0x0000000084300000, 0x0000000084300000|100%| S|CS|TAMS 0x0000000084200000, 0x0000000084200000| Complete 
|  37|0x0000000084300000, 0x0000000084300000, 0x0000000084400000|  0%| F|  |TAMS 0x0000000084300000, 0x0000000084300000| Untracked 
|  38|0x0000000084400000, 0x0000000084400000, 0x0000000084500000|  0%| F|  |TAMS 0x0000000084400000, 0x0000000084400000| Untracked 
|  39|0x0000000084500000, 0x0000000084500000, 0x0000000084600000|  0%| F|  |TAMS 0x0000000084500000, 0x0000000084500000| Untracked 
|  40|0x0000000084600000, 0x0000000084600000, 0x0000000084700000|  0%| F|  |TAMS 0x0000000084600000, 0x0000000084600000| Untracked 
|  41|0x0000000084700000, 0x0000000084700000, 0x0000000084800000|  0%| F|  |TAMS 0x0000000084700000, 0x0000000084700000| Untracked 
|  42|0x0000000084800000, 0x0000000084800000, 0x0000000084900000|  0%| F|  |TAMS 0x0000000084800000, 0x0000000084800000| Untracked 
|  43|0x0000000084900000, 0x0000000084900000, 0x0000000084a00000|  0%| F|  |TAMS 0x0000000084900000, 0x0000000084900000| Untracked 
|  44|0x0000000084a00000, 0x0000000084a00000, 0x0000000084b00000|  0%| F|  |TAMS 0x0000000084a00000, 0x0000000084a00000| Untracked 
|  45|0x0000000084b00000, 0x0000000084b00000, 0x0000000084c00000|  0%| F|  |TAMS 0x0000000084b00000, 0x0000000084b00000| Untracked 
|  46|0x0000000084c00000, 0x0000000084c00000, 0x0000000084d00000|  0%| F|  |TAMS 0x0000000084c00000, 0x0000000084c00000| Untracked 
|  47|0x0000000084d00000, 0x0000000084d00800, 0x0000000084e00000|  0%| E|  |TAMS 0x0000000084d00000, 0x0000000084d00000| Complete 
|  48|0x0000000084e00000, 0x0000000084f00000, 0x0000000084f00000|100%| E|CS|TAMS 0x0000000084e00000, 0x0000000084e00000| Complete 
|  49|0x0000000084f00000, 0x0000000085000000, 0x0000000085000000|100%| E|CS|TAMS 0x0000000084f00000, 0x0000000084f00000| Complete 
|  50|0x0000000085000000, 0x0000000085100000, 0x0000000085100000|100%| E|CS|TAMS 0x0000000085000000, 0x0000000085000000| Complete 
|  51|0x0000000085100000, 0x0000000085200000, 0x0000000085200000|100%| E|CS|TAMS 0x0000000085100000, 0x0000000085100000| Complete 
|  52|0x0000000085200000, 0x0000000085300000, 0x0000000085300000|100%| E|CS|TAMS 0x0000000085200000, 0x0000000085200000| Complete 
|  53|0x0000000085300000, 0x0000000085400000, 0x0000000085400000|100%| E|CS|TAMS 0x0000000085300000, 0x0000000085300000| Complete 
|  54|0x0000000085400000, 0x0000000085500000, 0x0000000085500000|100%| E|CS|TAMS 0x0000000085400000, 0x0000000085400000| Complete 
|  55|0x0000000085500000, 0x0000000085600000, 0x0000000085600000|100%| E|CS|TAMS 0x0000000085500000, 0x0000000085500000| Complete 
|  56|0x0000000085600000, 0x0000000085700000, 0x0000000085700000|100%| E|CS|TAMS 0x0000000085600000, 0x0000000085600000| Complete 
|  72|0x0000000086600000, 0x0000000086700000, 0x0000000086700000|100%| E|CS|TAMS 0x0000000086600000, 0x0000000086600000| Complete 
|  73|0x0000000086700000, 0x0000000086800000, 0x0000000086800000|100%| E|CS|TAMS 0x0000000086700000, 0x0000000086700000| Complete 
|  74|0x0000000086800000, 0x0000000086900000, 0x0000000086900000|100%| E|CS|TAMS 0x0000000086800000, 0x0000000086800000| Complete 
|  75|0x0000000086900000, 0x0000000086a00000, 0x0000000086a00000|100%| E|CS|TAMS 0x0000000086900000, 0x0000000086900000| Complete 
|  76|0x0000000086a00000, 0x0000000086b00000, 0x0000000086b00000|100%| E|CS|TAMS 0x0000000086a00000, 0x0000000086a00000| Complete 
|  77|0x0000000086b00000, 0x0000000086c00000, 0x0000000086c00000|100%| E|CS|TAMS 0x0000000086b00000, 0x0000000086b00000| Complete 
| 126|0x0000000089c00000, 0x0000000089d00000, 0x0000000089d00000|100%| E|CS|TAMS 0x0000000089c00000, 0x0000000089c00000| Complete 
| 127|0x0000000089d00000, 0x0000000089e00000, 0x0000000089e00000|100%| E|CS|TAMS 0x0000000089d00000, 0x0000000089d00000| Complete 

Card table byte_map: [0x000001f51c480000,0x000001f51c880000] _byte_map_base: 0x000001f51c071000

Marking Bits (Prev, Next): (CMBitMap*) 0x000001f50550d080, (CMBitMap*) 0x000001f50550d040
 Prev Bits: [0x000001f51ec10000, 0x000001f520b98000)
 Next Bits: [0x000001f51cc80000, 0x000001f51ec08000)

Polling page: 0x000001f504c80000

Metaspace:

Usage:
  Non-class:     55.72 MB used.
      Class:      8.87 MB used.
       Both:     64.59 MB used.

Virtual space:
  Non-class space:       64.00 MB reserved,      56.00 MB ( 88%) committed,  1 nodes.
      Class space:        1.00 GB reserved,       9.12 MB ( <1%) committed,  1 nodes.
             Both:        1.06 GB reserved,      65.12 MB (  6%) committed. 

Chunk freelists:
   Non-Class:  8.02 MB
       Class:  6.70 MB
        Both:  14.72 MB

MaxMetaspaceSize: unlimited
CompressedClassSpaceSize: 1.00 GB
Initial GC threshold: 21.00 MB
Current GC threshold: 98.88 MB
CDS: on
MetaspaceReclaimPolicy: balanced
 - commit_granule_bytes: 65536.
 - commit_granule_words: 8192.
 - virtual_space_node_default_size: 8388608.
 - enlarge_chunks_in_place: 1.
 - new_chunks_are_fully_committed: 0.
 - uncommit_free_chunks: 1.
 - use_allocation_guard: 0.
 - handle_deallocations: 1.


Internal statistics:

num_allocs_failed_limit: 11.
num_arena_births: 700.
num_arena_deaths: 0.
num_vsnodes_births: 2.
num_vsnodes_deaths: 0.
num_space_committed: 1042.
num_space_uncommitted: 0.
num_chunks_returned_to_freelist: 11.
num_chunks_taken_from_freelist: 3002.
num_chunk_merges: 11.
num_chunk_splits: 2197.
num_chunks_enlarged: 1741.
num_inconsistent_stats: 0.

CodeHeap 'non-profiled nmethods': size=120000Kb used=2518Kb max_used=2518Kb free=117481Kb
 bounds [0x000001f514820000, 0x000001f514aa0000, 0x000001f51bd50000]
CodeHeap 'profiled nmethods': size=120000Kb used=10516Kb max_used=10516Kb free=109484Kb
 bounds [0x000001f50cd50000, 0x000001f50d7a0000, 0x000001f514280000]
CodeHeap 'non-nmethods': size=5760Kb used=1349Kb max_used=1417Kb free=4410Kb
 bounds [0x000001f514280000, 0x000001f5144f0000, 0x000001f514820000]
 total_blobs=5979 nmethods=5299 adapters=592
 compilation: enabled
              stopped_count=0, restarted_count=0
 full_count=0

Compilation events (20 events):
Event: 11.521 Thread 0x000001f5235cd600 5338       2       org.springframework.core.OrderComparator::findOrder (26 bytes)
Event: 11.521 Thread 0x000001f5235cd600 nmethod 5338 0x000001f50d78f910 code [0x000001f50d78fae0, 0x000001f50d78fdc8]
Event: 11.521 Thread 0x000001f5235cd600 5334   !   2       java.lang.invoke.StringConcatFactory::makeConcatWithConstants (251 bytes)
Event: 11.523 Thread 0x000001f5235cd600 nmethod 5334 0x000001f50d78ff10 code [0x000001f50d7902c0, 0x000001f50d791208]
Event: 11.525 Thread 0x000001f5235cd600 5343       1       org.springframework.boot.autoconfigure.condition.ConditionEvaluationReport$ConditionAndOutcome::getOutcome (5 bytes)
Event: 11.525 Thread 0x000001f5235cd600 nmethod 5343 0x000001f514a88a90 code [0x000001f514a88c20, 0x000001f514a88cf8]
Event: 11.526 Thread 0x000001f5235cd600 5345       2       java.util.TreeMap::forEach (58 bytes)
Event: 11.527 Thread 0x000001f5235cd600 nmethod 5345 0x000001f50d791c90 code [0x000001f50d791e80, 0x000001f50d792258]
Event: 11.528 Thread 0x000001f5235cd600 5347 %     3       java.util.TreeMap::forEach @ 15 (58 bytes)
Event: 11.530 Thread 0x000001f5235cd600 nmethod 5347% 0x000001f50d792490 code [0x000001f50d7926a0, 0x000001f50d792dd8]
Event: 11.530 Thread 0x000001f5235cd600 5348       2       org.springframework.boot.autoconfigure.condition.ConditionEvaluationReport$$Lambda$1447/0x000001f525906b20::accept (16 bytes)
Event: 11.531 Thread 0x000001f5235cd600 nmethod 5348 0x000001f50d793090 code [0x000001f50d793300, 0x000001f50d793948]
Event: 11.531 Thread 0x000001f5235cd600 5349       2       org.springframework.boot.autoconfigure.condition.ConditionEvaluationReport::lambda$getConditionAndOutcomesBySource$1 (13 bytes)
Event: 11.532 Thread 0x000001f5235cd600 nmethod 5349 0x000001f50d793e10 code [0x000001f50d794060, 0x000001f50d794628]
Event: 11.535 Thread 0x000001f5235cd600 5350       2       org.springframework.core.annotation.AnnotationAwareOrderComparator::findOrder (18 bytes)
Event: 11.535 Thread 0x000001f5235cd600 nmethod 5350 0x000001f50d794a90 code [0x000001f50d794c60, 0x000001f50d794ee8]
Event: 11.750 Thread 0x000001f5235cc460 nmethod 5128 0x000001f514a88d90 code [0x000001f514a895a0, 0x000001f514a907b0]
Event: 11.751 Thread 0x000001f5235cc460 5344       4       java.util.TreeMap::successor (66 bytes)
Event: 11.754 Thread 0x000001f5235cc460 nmethod 5344 0x000001f514a95590 code [0x000001f514a95700, 0x000001f514a957f8]
Event: 11.754 Thread 0x000001f5235cc460 5217   !   4       org.springframework.core.annotation.AnnotationsScanner::processMethodHierarchy (276 bytes)

GC Heap History (20 events):
Event: 3.363 GC heap before
{Heap before GC invocations=1 (full 0):
 garbage-first heap   total 131072K, used 32555K [0x0000000081e00000, 0x0000000100000000)
  region size 1024K, 28 young (28672K), 3 survivors (3072K)
 Metaspace       used 12726K, committed 12928K, reserved 1114112K
  class space    used 1694K, committed 1792K, reserved 1048576K
}
Event: 3.371 GC heap after
{Heap after GC invocations=2 (full 0):
 garbage-first heap   total 131072K, used 9091K [0x0000000081e00000, 0x0000000100000000)
  region size 1024K, 2 young (2048K), 2 survivors (2048K)
 Metaspace       used 12726K, committed 12928K, reserved 1114112K
  class space    used 1694K, committed 1792K, reserved 1048576K
}
Event: 5.358 GC heap before
{Heap before GC invocations=2 (full 0):
 garbage-first heap   total 131072K, used 56195K [0x0000000081e00000, 0x0000000100000000)
  region size 1024K, 50 young (51200K), 2 survivors (2048K)
 Metaspace       used 21318K, committed 21504K, reserved 1114112K
  class space    used 2699K, committed 2816K, reserved 1048576K
}
Event: 5.368 GC heap after
{Heap after GC invocations=3 (full 0):
 garbage-first heap   total 131072K, used 12773K [0x0000000081e00000, 0x0000000100000000)
  region size 1024K, 6 young (6144K), 6 survivors (6144K)
 Metaspace       used 21318K, committed 21504K, reserved 1114112K
  class space    used 2699K, committed 2816K, reserved 1048576K
}
Event: 6.139 GC heap before
{Heap before GC invocations=4 (full 0):
 garbage-first heap   total 55296K, used 39397K [0x0000000081e00000, 0x0000000100000000)
  region size 1024K, 32 young (32768K), 6 survivors (6144K)
 Metaspace       used 26526K, committed 26880K, reserved 1114112K
  class space    used 3485K, committed 3648K, reserved 1048576K
}
Event: 6.154 GC heap after
{Heap after GC invocations=5 (full 0):
 garbage-first heap   total 55296K, used 15871K [0x0000000081e00000, 0x0000000100000000)
  region size 1024K, 4 young (4096K), 4 survivors (4096K)
 Metaspace       used 26526K, committed 26880K, reserved 1114112K
  class space    used 3485K, committed 3648K, reserved 1048576K
}
Event: 6.869 GC heap before
{Heap before GC invocations=5 (full 0):
 garbage-first heap   total 55296K, used 36351K [0x0000000081e00000, 0x0000000100000000)
  region size 1024K, 24 young (24576K), 4 survivors (4096K)
 Metaspace       used 31027K, committed 31424K, reserved 1114112K
  class space    used 4064K, committed 4288K, reserved 1048576K
}
Event: 6.884 GC heap after
{Heap after GC invocations=6 (full 0):
 garbage-first heap   total 55296K, used 18194K [0x0000000081e00000, 0x0000000100000000)
  region size 1024K, 3 young (3072K), 3 survivors (3072K)
 Metaspace       used 31027K, committed 31424K, reserved 1114112K
  class space    used 4064K, committed 4288K, reserved 1048576K
}
Event: 7.367 GC heap before
{Heap before GC invocations=6 (full 0):
 garbage-first heap   total 55296K, used 36626K [0x0000000081e00000, 0x0000000100000000)
  region size 1024K, 22 young (22528K), 3 survivors (3072K)
 Metaspace       used 35120K, committed 35584K, reserved 1114112K
  class space    used 4666K, committed 4864K, reserved 1048576K
}
Event: 7.371 GC heap after
{Heap after GC invocations=7 (full 0):
 garbage-first heap   total 66560K, used 19230K [0x0000000081e00000, 0x0000000100000000)
  region size 1024K, 2 young (2048K), 2 survivors (2048K)
 Metaspace       used 35120K, committed 35584K, reserved 1114112K
  class space    used 4666K, committed 4864K, reserved 1048576K
}
Event: 7.420 GC heap before
{Heap before GC invocations=7 (full 0):
 garbage-first heap   total 66560K, used 20254K [0x0000000081e00000, 0x0000000100000000)
  region size 1024K, 4 young (4096K), 2 survivors (2048K)
 Metaspace       used 35788K, committed 36160K, reserved 1114112K
  class space    used 4752K, committed 4928K, reserved 1048576K
}
Event: 7.422 GC heap after
{Heap after GC invocations=8 (full 0):
 garbage-first heap   total 66560K, used 19193K [0x0000000081e00000, 0x0000000100000000)
  region size 1024K, 2 young (2048K), 2 survivors (2048K)
 Metaspace       used 35788K, committed 36160K, reserved 1114112K
  class space    used 4752K, committed 4928K, reserved 1048576K
}
Event: 8.626 GC heap before
{Heap before GC invocations=9 (full 0):
 garbage-first heap   total 66560K, used 48889K [0x0000000081e00000, 0x0000000100000000)
  region size 1024K, 31 young (31744K), 2 survivors (2048K)
 Metaspace       used 46805K, committed 47232K, reserved 1114112K
  class space    used 6231K, committed 6464K, reserved 1048576K
}
Event: 8.632 GC heap after
{Heap after GC invocations=10 (full 0):
 garbage-first heap   total 66560K, used 22048K [0x0000000081e00000, 0x0000000100000000)
  region size 1024K, 4 young (4096K), 4 survivors (4096K)
 Metaspace       used 46805K, committed 47232K, reserved 1114112K
  class space    used 6231K, committed 6464K, reserved 1048576K
}
Event: 9.455 GC heap before
{Heap before GC invocations=10 (full 0):
 garbage-first heap   total 66560K, used 48672K [0x0000000081e00000, 0x0000000100000000)
  region size 1024K, 31 young (31744K), 4 survivors (4096K)
 Metaspace       used 54422K, committed 54848K, reserved 1114112K
  class space    used 7274K, committed 7488K, reserved 1048576K
}
Event: 9.459 GC heap after
{Heap after GC invocations=11 (full 0):
 garbage-first heap   total 66560K, used 23460K [0x0000000081e00000, 0x0000000100000000)
  region size 1024K, 2 young (2048K), 2 survivors (2048K)
 Metaspace       used 54422K, committed 54848K, reserved 1114112K
  class space    used 7274K, committed 7488K, reserved 1048576K
}
Event: 9.939 GC heap before
{Heap before GC invocations=11 (full 0):
 garbage-first heap   total 66560K, used 45988K [0x0000000081e00000, 0x0000000100000000)
  region size 1024K, 26 young (26624K), 2 survivors (2048K)
 Metaspace       used 60112K, committed 60608K, reserved 1114112K
  class space    used 8196K, committed 8448K, reserved 1048576K
}
Event: 9.942 GC heap after
{Heap after GC invocations=12 (full 0):
 garbage-first heap   total 66560K, used 24825K [0x0000000081e00000, 0x0000000100000000)
  region size 1024K, 3 young (3072K), 3 survivors (3072K)
 Metaspace       used 60112K, committed 60608K, reserved 1114112K
  class space    used 8196K, committed 8448K, reserved 1048576K
}
Event: 10.427 GC heap before
{Heap before GC invocations=13 (full 0):
 garbage-first heap   total 66560K, used 50425K [0x0000000081e00000, 0x0000000100000000)
  region size 1024K, 28 young (28672K), 3 survivors (3072K)
 Metaspace       used 64144K, committed 64640K, reserved 1114112K
  class space    used 8810K, committed 9024K, reserved 1048576K
}
Event: 10.433 GC heap after
{Heap after GC invocations=14 (full 0):
 garbage-first heap   total 66560K, used 27328K [0x0000000081e00000, 0x0000000100000000)
  region size 1024K, 4 young (4096K), 4 survivors (4096K)
 Metaspace       used 64144K, committed 64640K, reserved 1114112K
  class space    used 8810K, committed 9024K, reserved 1048576K
}

Deoptimization events (20 events):
Event: 11.292 Thread 0x000001f5054b0210 Uncommon trap: trap_request=0xffffffde fr.pc=0x000001f5148a2880 relative=0x0000000000000140
Event: 11.292 Thread 0x000001f5054b0210 Uncommon trap: reason=class_check action=maybe_recompile pc=0x000001f5148a2880 method=org.springframework.boot.context.properties.source.ConfigurationPropertyName$Elements.charAt(II)C @ 43 c2
Event: 11.292 Thread 0x000001f5054b0210 DEOPT PACKING pc=0x000001f5148a2880 sp=0x000000428e5fbdd0
Event: 11.292 Thread 0x000001f5054b0210 DEOPT UNPACKING pc=0x000001f5142d23a3 sp=0x000000428e5fbd48 mode 2
Event: 11.292 Thread 0x000001f5054b0210 Uncommon trap: trap_request=0xffffffde fr.pc=0x000001f5148a2880 relative=0x0000000000000140
Event: 11.292 Thread 0x000001f5054b0210 Uncommon trap: reason=class_check action=maybe_recompile pc=0x000001f5148a2880 method=org.springframework.boot.context.properties.source.ConfigurationPropertyName$Elements.charAt(II)C @ 43 c2
Event: 11.292 Thread 0x000001f5054b0210 DEOPT PACKING pc=0x000001f5148a2880 sp=0x000000428e5fbdd0
Event: 11.292 Thread 0x000001f5054b0210 DEOPT UNPACKING pc=0x000001f5142d23a3 sp=0x000000428e5fbd48 mode 2
Event: 11.449 Thread 0x000001f5054b0210 Uncommon trap: trap_request=0xffffff45 fr.pc=0x000001f5148826e0 relative=0x0000000000000060
Event: 11.449 Thread 0x000001f5054b0210 Uncommon trap: reason=unstable_if action=reinterpret pc=0x000001f5148826e0 method=org.springframework.util.ConcurrentReferenceHashMap$Segment.clear()V @ 7 c2
Event: 11.449 Thread 0x000001f5054b0210 DEOPT PACKING pc=0x000001f5148826e0 sp=0x000000428e5ff000
Event: 11.449 Thread 0x000001f5054b0210 DEOPT UNPACKING pc=0x000001f5142d23a3 sp=0x000000428e5fef90 mode 2
Event: 11.517 Thread 0x000001f5054b0210 Uncommon trap: trap_request=0xffffff45 fr.pc=0x000001f514a16c20 relative=0x0000000000000100
Event: 11.517 Thread 0x000001f5054b0210 Uncommon trap: reason=unstable_if action=reinterpret pc=0x000001f514a16c20 method=java.util.ArrayList.indexOfRange(Ljava/lang/Object;II)I @ 7 c2
Event: 11.517 Thread 0x000001f5054b0210 DEOPT PACKING pc=0x000001f514a16c20 sp=0x000000428e5fed90
Event: 11.517 Thread 0x000001f5054b0210 DEOPT UNPACKING pc=0x000001f5142d23a3 sp=0x000000428e5fed10 mode 2
Event: 11.926 Thread 0x000001f5693ee690 Uncommon trap: trap_request=0xffffff45 fr.pc=0x000001f51499c644 relative=0x00000000000020c4
Event: 11.926 Thread 0x000001f5693ee690 Uncommon trap: reason=unstable_if action=reinterpret pc=0x000001f51499c644 method=java.net.URL.<init>(Ljava/net/URL;Ljava/lang/String;Ljava/net/URLStreamHandler;)V @ 57 c2
Event: 11.938 Thread 0x000001f5693ee690 DEOPT PACKING pc=0x000001f51499c644 sp=0x00000042905ff060
Event: 11.938 Thread 0x000001f5693ee690 DEOPT UNPACKING pc=0x000001f5142d23a3 sp=0x00000042905ff020 mode 2

Classes unloaded (0 events):
No events

Classes redefined (0 events):
No events

Internal exceptions (20 events):
Event: 9.777 Thread 0x000001f5054b0210 Exception <a 'java/lang/NoSuchMethodError'{0x0000000084fdffb8}: 'java.lang.Object java.lang.invoke.DirectMethodHandle$Holder.newInvokeSpecial(java.lang.Object, java.lang.Object, java.lang.Object, java.lang.Object, java.lang.Object, java.lang.Object)'> (0x0000000084fdffb8) 
thrown [s\open\src\hotspot\share\interpreter\linkResolver.cpp, line 759]
Event: 9.788 Thread 0x000001f5054b0210 Exception <a 'java/lang/NoSuchMethodError'{0x0000000084e54630}: 'java.lang.Object java.lang.invoke.DirectMethodHandle$Holder.newInvokeSpecial(java.lang.Object, java.lang.Object, java.lang.Object, java.lang.Object, java.lang.Object, java.lang.Object, java.lang.Object, int)'> (0x0000000084e54630) 
thrown [s\open\src\hotspot\share\interpreter\linkResolver.cpp, line 759]
Event: 9.788 Thread 0x000001f5054b0210 Exception <a 'java/lang/NoSuchMethodError'{0x0000000084e59628}: 'java.lang.Object java.lang.invoke.DirectMethodHandle$Holder.invokeSpecial(java.lang.Object, java.lang.Object, java.lang.Object, java.lang.Object, java.lang.Object, java.lang.Object, java.lang.Object, java.lang.Object, int)'> (0x0000000084e59628) 
thrown [s\open\src\hotspot\share\interpreter\linkResolver.cpp, line 759]
Event: 9.788 Thread 0x000001f5054b0210 Exception <a 'java/lang/NoSuchMethodError'{0x0000000084e5e0f0}: 'java.lang.Object java.lang.invoke.Invokers$Holder.linkToTargetMethod(java.lang.Object, java.lang.Object, java.lang.Object, java.lang.Object, java.lang.Object, java.lang.Object, int, java.lang.Object)'> (0x0000000084e5e0f0) 
thrown [s\open\src\hotspot\share\interpreter\linkResolver.cpp, line 759]
Event: 9.805 Thread 0x000001f5054b0210 Exception <a 'java/lang/NoSuchMethodError'{0x0000000084d2ce98}: 'void java.lang.invoke.DirectMethodHandle$Holder.invokeInterface(java.lang.Object, java.lang.Object)'> (0x0000000084d2ce98) 
thrown [s\open\src\hotspot\share\interpreter\linkResolver.cpp, line 759]
Event: 9.963 Thread 0x000001f5054b0210 Exception <a 'java/lang/IncompatibleClassChangeError'{0x0000000089c91920}: Found class java.lang.Object, but interface was expected> (0x0000000089c91920) 
thrown [s\open\src\hotspot\share\interpreter\linkResolver.cpp, line 826]
Event: 9.983 Thread 0x000001f5054b0210 Exception <a 'java/lang/IncompatibleClassChangeError'{0x0000000086b0b2f8}: Found class java.lang.Object, but interface was expected> (0x0000000086b0b2f8) 
thrown [s\open\src\hotspot\share\interpreter\linkResolver.cpp, line 826]
Event: 10.013 Thread 0x000001f5054b0210 Exception <a 'java/lang/IncompatibleClassChangeError'{0x0000000086a83368}: Found class java.lang.Object, but interface was expected> (0x0000000086a83368) 
thrown [s\open\src\hotspot\share\interpreter\linkResolver.cpp, line 826]
Event: 10.126 Thread 0x000001f5054b0210 Exception <a 'java/lang/IncompatibleClassChangeError'{0x00000000855e8a78}: Found class java.lang.Object, but interface was expected> (0x00000000855e8a78) 
thrown [s\open\src\hotspot\share\interpreter\linkResolver.cpp, line 826]
Event: 10.168 Thread 0x000001f5054b0210 Exception <a 'java/lang/reflect/InvocationTargetException'{0x000000008522be98}> (0x000000008522be98) 
thrown [s\open\src\hotspot\share\runtime\reflection.cpp, line 1121]
Event: 10.176 Thread 0x000001f5054b0210 Exception <a 'java/lang/NoSuchMethodError'{0x0000000085290e10}: 'int java.lang.invoke.DirectMethodHandle$Holder.invokeStatic(java.lang.Object, java.lang.Object, int)'> (0x0000000085290e10) 
thrown [s\open\src\hotspot\share\interpreter\linkResolver.cpp, line 759]
Event: 10.183 Thread 0x000001f5054b0210 Exception <a 'java/lang/IncompatibleClassChangeError'{0x00000000852d69d0}: Found class java.lang.Object, but interface was expected> (0x00000000852d69d0) 
thrown [s\open\src\hotspot\share\interpreter\linkResolver.cpp, line 826]
Event: 10.223 Thread 0x000001f5054b0210 Exception <a 'java/lang/NoSuchMethodError'{0x0000000085082600}: 'java.lang.Object java.lang.invoke.DirectMethodHandle$Holder.invokeStatic(java.lang.Object, int, java.lang.Object)'> (0x0000000085082600) 
thrown [s\open\src\hotspot\share\interpreter\linkResolver.cpp, line 759]
Event: 10.258 Thread 0x000001f5054b0210 Exception <a 'java/lang/NoSuchMethodError'{0x0000000084e71928}: 'java.lang.Object java.lang.invoke.DirectMethodHandle$Holder.invokeInterface(java.lang.Object, java.lang.Object, java.lang.Object, java.lang.Object)'> (0x0000000084e71928) 
thrown [s\open\src\hotspot\share\interpreter\linkResolver.cpp, line 759]
Event: 10.416 Thread 0x000001f5054b0210 Exception <a 'sun/nio/fs/WindowsException'{0x000000008439bc08}> (0x000000008439bc08) 
thrown [s\open\src\hotspot\share\prims\jni.cpp, line 516]
Event: 10.941 Thread 0x000001f5054b0210 Exception <a 'java/lang/IncompatibleClassChangeError'{0x000000008692c850}: Found class java.lang.Object, but interface was expected> (0x000000008692c850) 
thrown [s\open\src\hotspot\share\interpreter\linkResolver.cpp, line 826]
Event: 10.990 Thread 0x000001f5054b0210 Implicit null exception at 0x000001f5148fe1c6 to 0x000001f5148fe282
Event: 11.040 Thread 0x000001f5054b0210 Exception <a 'java/lang/NoSuchMethodError'{0x00000000868dbea0}: 'void java.lang.invoke.DirectMethodHandle$Holder.invokeVirtual(java.lang.Object, java.lang.Object, long)'> (0x00000000868dbea0) 
thrown [s\open\src\hotspot\share\interpreter\linkResolver.cpp, line 759]
Event: 11.305 Thread 0x000001f5054b0210 Exception <a 'java/lang/IncompatibleClassChangeError'{0x000000008543e900}: Found class java.lang.Object, but interface was expected> (0x000000008543e900) 
thrown [s\open\src\hotspot\share\interpreter\linkResolver.cpp, line 826]
Event: 11.453 Thread 0x000001f5054b0210 Exception <a 'java/lang/NoSuchMethodError'{0x000000008506ab48}: 'java.lang.Object java.lang.invoke.DirectMethodHandle$Holder.newInvokeSpecial(java.lang.Object, java.lang.Object, int, java.lang.Object, java.lang.Object)'> (0x000000008506ab48) 
thrown [s\open\src\hotspot\share\interpreter\linkResolver.cpp, line 759]

VM Operations (20 events):
Event: 9.965 Executing VM operation: G1Concurrent
Event: 9.969 Executing VM operation: G1Concurrent done
Event: 9.981 Executing VM operation: G1Concurrent
Event: 9.982 Executing VM operation: G1Concurrent done
Event: 10.098 Executing VM operation: HandshakeAllThreads
Event: 10.098 Executing VM operation: HandshakeAllThreads done
Event: 10.137 Executing VM operation: HandshakeAllThreads
Event: 10.137 Executing VM operation: HandshakeAllThreads done
Event: 10.337 Executing VM operation: HandshakeAllThreads
Event: 10.337 Executing VM operation: HandshakeAllThreads done
Event: 10.348 Executing VM operation: HandshakeAllThreads
Event: 10.348 Executing VM operation: HandshakeAllThreads done
Event: 10.376 Executing VM operation: HandshakeAllThreads
Event: 10.376 Executing VM operation: HandshakeAllThreads done
Event: 10.427 Executing VM operation: G1CollectForAllocation
Event: 10.433 Executing VM operation: G1CollectForAllocation done
Event: 11.110 Executing VM operation: HandshakeAllThreads
Event: 11.110 Executing VM operation: HandshakeAllThreads done
Event: 12.114 Executing VM operation: Cleanup
Event: 12.115 Executing VM operation: Cleanup done

Events (20 events):
Event: 11.504 loading class java/nio/channels/Pipe$SourceChannel done
Event: 11.504 loading class sun/nio/ch/SourceChannelImpl done
Event: 11.504 loading class sun/nio/ch/SinkChannelImpl
Event: 11.505 loading class java/nio/channels/Pipe$SinkChannel
Event: 11.505 loading class java/nio/channels/Pipe$SinkChannel done
Event: 11.505 loading class sun/nio/ch/SinkChannelImpl done
Event: 11.507 Thread 0x000001f56b62ba30 Thread added: 0x000001f56b62ba30
Event: 11.507 loading class java/nio/channels/spi/AbstractSelector$1
Event: 11.507 loading class java/nio/channels/spi/AbstractSelector$1 done
Event: 11.509 Thread 0x000001f56b75b260 Thread added: 0x000001f56b75b260
Event: 11.510 loading class java/util/TreeMap$ValueSpliterator
Event: 11.510 loading class java/util/TreeMap$TreeMapSpliterator
Event: 11.510 loading class java/util/TreeMap$TreeMapSpliterator done
Event: 11.510 loading class java/util/TreeMap$ValueSpliterator done
Event: 11.539 loading class java/util/IdentityHashMap$KeySpliterator
Event: 11.539 loading class java/util/IdentityHashMap$IdentityHashMapSpliterator
Event: 11.539 loading class java/util/IdentityHashMap$IdentityHashMapSpliterator done
Event: 11.539 loading class java/util/IdentityHashMap$KeySpliterator done
Event: 11.541 Thread 0x000001f5054b0210 Thread exited: 0x000001f5054b0210
Event: 11.541 Thread 0x000001f56b75f430 Thread added: 0x000001f56b75f430


Dynamic libraries:
0x00007ff68b6e0000 - 0x00007ff68b6f0000 	C:\Program Files\Java\jdk-17\bin\java.exe
0x00007ffabfc90000 - 0x00007ffabfe88000 	C:\Windows\SYSTEM32\ntdll.dll
0x00007ffabfb90000 - 0x00007ffabfc4d000 	C:\Windows\System32\KERNEL32.DLL
0x00007ffabd850000 - 0x00007ffabdb46000 	C:\Windows\System32\KERNELBASE.dll
0x00007ffabdbc0000 - 0x00007ffabdcc0000 	C:\Windows\System32\ucrtbase.dll
0x00007ffaa95d0000 - 0x00007ffaa95eb000 	C:\Program Files\Java\jdk-17\bin\VCRUNTIME140.dll
0x00007ffaa9450000 - 0x00007ffaa9469000 	C:\Program Files\Java\jdk-17\bin\jli.dll
0x00007ffabf9d0000 - 0x00007ffabfa80000 	C:\Windows\System32\ADVAPI32.dll
0x00007ffabe830000 - 0x00007ffabe8ce000 	C:\Windows\System32\msvcrt.dll
0x00007ffabe770000 - 0x00007ffabe810000 	C:\Windows\System32\sechost.dll
0x00007ffabe9b0000 - 0x00007ffabead3000 	C:\Windows\System32\RPCRT4.dll
0x00007ffabd520000 - 0x00007ffabd547000 	C:\Windows\System32\bcrypt.dll
0x00007ffabeae0000 - 0x00007ffabec7f000 	C:\Windows\System32\USER32.dll
0x00007ffaa1840000 - 0x00007ffaa1ada000 	C:\Windows\WinSxS\amd64_microsoft.windows.common-controls_6595b64144ccf1df_6.0.19041.4355_none_60b8b9eb71f62e16\COMCTL32.dll
0x00007ffabd7d0000 - 0x00007ffabd7f2000 	C:\Windows\System32\win32u.dll
0x00007ffabe740000 - 0x00007ffabe76b000 	C:\Windows\System32\GDI32.dll
0x00007ffabd6b0000 - 0x00007ffabd7c7000 	C:\Windows\System32\gdi32full.dll
0x00007ffabd3d0000 - 0x00007ffabd46d000 	C:\Windows\System32\msvcp_win.dll
0x00007ffaac0a0000 - 0x00007ffaac0aa000 	C:\Windows\SYSTEM32\VERSION.dll
0x00007ffabdcc0000 - 0x00007ffabdcf2000 	C:\Windows\System32\IMM32.DLL
0x00007ffab0e50000 - 0x00007ffab0e5c000 	C:\Program Files\Java\jdk-17\bin\vcruntime140_1.dll
0x00007ffa88810000 - 0x00007ffa8889e000 	C:\Program Files\Java\jdk-17\bin\msvcp140.dll
0x00007ffa58c10000 - 0x00007ffa597f1000 	C:\Program Files\Java\jdk-17\bin\server\jvm.dll
0x00007ffabf100000 - 0x00007ffabf108000 	C:\Windows\System32\PSAPI.DLL
0x00007ffa97cd0000 - 0x00007ffa97cd9000 	C:\Windows\SYSTEM32\WSOCK32.dll
0x00007ffa9e9e0000 - 0x00007ffa9ea07000 	C:\Windows\SYSTEM32\WINMM.dll
0x00007ffabe940000 - 0x00007ffabe9ab000 	C:\Windows\System32\WS2_32.dll
0x00007ffabb0a0000 - 0x00007ffabb0b2000 	C:\Windows\SYSTEM32\kernel.appcore.dll
0x00007ffaabee0000 - 0x00007ffaabeea000 	C:\Program Files\Java\jdk-17\bin\jimage.dll
0x00007ffaad090000 - 0x00007ffaad274000 	C:\Windows\SYSTEM32\DBGHELP.DLL
0x00007ffa94e90000 - 0x00007ffa94ec4000 	C:\Windows\SYSTEM32\dbgcore.DLL
0x00007ffabd340000 - 0x00007ffabd3c2000 	C:\Windows\System32\bcryptPrimitives.dll
0x00007ffaabb20000 - 0x00007ffaabb2e000 	C:\Program Files\Java\jdk-17\bin\instrument.dll
0x00007ffaa0b50000 - 0x00007ffaa0b75000 	C:\Program Files\Java\jdk-17\bin\java.dll
0x00007ffa81970000 - 0x00007ffa81a47000 	C:\Program Files\Java\jdk-17\bin\jsvml.dll
0x00007ffabde20000 - 0x00007ffabe58b000 	C:\Windows\System32\SHELL32.dll
0x00007ffabb380000 - 0x00007ffabbb1d000 	C:\Windows\SYSTEM32\windows.storage.dll
0x00007ffabf110000 - 0x00007ffabf463000 	C:\Windows\System32\combase.dll
0x00007ffabcc80000 - 0x00007ffabccae000 	C:\Windows\SYSTEM32\Wldp.dll
0x00007ffabf790000 - 0x00007ffabf85d000 	C:\Windows\System32\OLEAUT32.dll
0x00007ffabf920000 - 0x00007ffabf9cd000 	C:\Windows\System32\SHCORE.dll
0x00007ffabfa80000 - 0x00007ffabfad5000 	C:\Windows\System32\shlwapi.dll
0x00007ffabd270000 - 0x00007ffabd294000 	C:\Windows\SYSTEM32\profapi.dll
0x00007ffaa36d0000 - 0x00007ffaa36e8000 	C:\Program Files\Java\jdk-17\bin\zip.dll
0x00007ffaa4700000 - 0x00007ffaa4719000 	C:\Program Files\Java\jdk-17\bin\net.dll
0x00007ffab51a0000 - 0x00007ffab52aa000 	C:\Windows\SYSTEM32\WINHTTP.dll
0x00007ffabca60000 - 0x00007ffabcaca000 	C:\Windows\system32\mswsock.dll
0x00007ffaa4340000 - 0x00007ffaa4356000 	C:\Program Files\Java\jdk-17\bin\nio.dll
0x00007ffa97b00000 - 0x00007ffa97b1a000 	C:\Program Files\JetBrains\IntelliJ IDEA Community Edition 2023.2.4\bin\breakgen64.dll
0x00007ffaa3d40000 - 0x00007ffaa3d4e000 	C:\Program Files\Java\jdk-17\bin\sunmscapi.dll
0x00007ffabd550000 - 0x00007ffabd6ae000 	C:\Windows\System32\CRYPT32.dll
0x00007ffabcdd0000 - 0x00007ffabcdf9000 	C:\Windows\SYSTEM32\ncrypt.dll
0x00007ffabcd90000 - 0x00007ffabcdcb000 	C:\Windows\SYSTEM32\NTASN1.dll
0x00007ffabccc0000 - 0x00007ffabccd8000 	C:\Windows\SYSTEM32\CRYPTSP.dll
0x00007ffabc330000 - 0x00007ffabc364000 	C:\Windows\system32\rsaenh.dll
0x00007ffabd1e0000 - 0x00007ffabd20e000 	C:\Windows\SYSTEM32\USERENV.dll
0x00007ffabcbf0000 - 0x00007ffabcbfc000 	C:\Windows\SYSTEM32\CRYPTBASE.dll
0x00007ffabc710000 - 0x00007ffabc74b000 	C:\Windows\SYSTEM32\IPHLPAPI.DLL
0x00007ffabe8d0000 - 0x00007ffabe8d8000 	C:\Windows\System32\NSI.dll
0x00007ffab6130000 - 0x00007ffab6147000 	C:\Windows\SYSTEM32\dhcpcsvc6.DLL
0x00007ffab6110000 - 0x00007ffab612d000 	C:\Windows\SYSTEM32\dhcpcsvc.DLL
0x00007ffabc750000 - 0x00007ffabc81b000 	C:\Windows\SYSTEM32\DNSAPI.dll
0x00007ffab67e0000 - 0x00007ffab67ea000 	C:\Program Files\Java\jdk-17\bin\management.dll
0x00007ffaabb30000 - 0x00007ffaabb3b000 	C:\Program Files\Java\jdk-17\bin\management_ext.dll
0x00007ffaaa190000 - 0x00007ffaaa1a0000 	C:\Program Files\Java\jdk-17\bin\verify.dll
0x00007ffab5c70000 - 0x00007ffab5c7a000 	C:\Windows\System32\rasadhlp.dll
0x00007ffab3f20000 - 0x00007ffab3fa0000 	C:\Windows\System32\fwpuclnt.dll
0x00007ffab6020000 - 0x00007ffab6027000 	C:\Windows\system32\wshunix.dll

dbghelp: loaded successfully - version: 4.0.5 - missing functions: none
symbol engine: initialized successfully - sym options: 0x614 - pdb path: .;C:\Program Files\Java\jdk-17\bin;C:\Windows\SYSTEM32;C:\Windows\WinSxS\amd64_microsoft.windows.common-controls_6595b64144ccf1df_6.0.19041.4355_none_60b8b9eb71f62e16;C:\Program Files\Java\jdk-17\bin\server;C:\Program Files\JetBrains\IntelliJ IDEA Community Edition 2023.2.4\bin

VM Arguments:
jvm_args: -javaagent:C:\Program Files\JetBrains\IntelliJ IDEA Community Edition 2023.2.4\lib\idea_rt.jar=58460:C:\Program Files\JetBrains\IntelliJ IDEA Community Edition 2023.2.4\bin -Dfile.encoding=UTF-8 
java_command: com.vecfonds.identity_service.IdentityServiceApplication
java_class_path (initial): D:\IntelliJ\workspace\identity-service\target\classes;C:\Users\Dell\.m2\repository\org\springframework\boot\spring-boot-starter-data-jpa\3.3.1\spring-boot-starter-data-jpa-3.3.1.jar;C:\Users\Dell\.m2\repository\org\springframework\boot\spring-boot-starter-aop\3.3.1\spring-boot-starter-aop-3.3.1.jar;C:\Users\Dell\.m2\repository\org\springframework\spring-aop\6.1.10\spring-aop-6.1.10.jar;C:\Users\Dell\.m2\repository\org\aspectj\aspectjweaver\1.9.22\aspectjweaver-1.9.22.jar;C:\Users\Dell\.m2\repository\org\springframework\boot\spring-boot-starter-jdbc\3.3.1\spring-boot-starter-jdbc-3.3.1.jar;C:\Users\Dell\.m2\repository\com\zaxxer\HikariCP\5.1.0\HikariCP-5.1.0.jar;C:\Users\Dell\.m2\repository\org\springframework\spring-jdbc\6.1.10\spring-jdbc-6.1.10.jar;C:\Users\Dell\.m2\repository\org\hibernate\orm\hibernate-core\6.5.2.Final\hibernate-core-6.5.2.Final.jar;C:\Users\Dell\.m2\repository\jakarta\persistence\jakarta.persistence-api\3.1.0\jakarta.persistence-api-3.1.0.jar;C:\Users\Dell\.m2\repository\jakarta\transaction\jakarta.transaction-api\2.0.1\jakarta.transaction-api-2.0.1.jar;C:\Users\Dell\.m2\repository\org\jboss\logging\jboss-logging\3.5.3.Final\jboss-logging-3.5.3.Final.jar;C:\Users\Dell\.m2\repository\org\hibernate\common\hibernate-commons-annotations\6.0.6.Final\hibernate-commons-annotations-6.0.6.Final.jar;C:\Users\Dell\.m2\repository\io\smallrye\jandex\3.1.2\jandex-3.1.2.jar;C:\Users\Dell\.m2\repository\com\fasterxml\classmate\1.7.0\classmate-1.7.0.jar;C:\Users\Dell\.m2\repository\net\bytebuddy\byte-buddy\1.14.17\byte-buddy-1.14.17.jar;C:\Users\Dell\.m2\repository\org\glassfish\jaxb\jaxb-runtime\4.0.5\jaxb-runtime-4.0.5.jar;C:\Users\Dell\.m2\repository\org\glassfish\jaxb\jaxb-core\4.0.5\jaxb-core-4.0.5.jar;C:\Users\Dell\.m2\repository\org\eclipse\angus\angus-activation\2.0.2\angus-activation-2.0.2.jar;C:\Users\Dell\.m2\repository\org\glassfish\jaxb\txw2\4.0.5\txw2-4.0.5.jar;C:\Users\Dell\.m2\repository\com\sun\istack\istack-commons
Launcher Type: SUN_STANDARD

[Global flags]
     intx CICompilerCount                          = 4                                         {product} {ergonomic}
     uint ConcGCThreads                            = 2                                         {product} {ergonomic}
     uint G1ConcRefinementThreads                  = 8                                         {product} {ergonomic}
   size_t G1HeapRegionSize                         = 1048576                                   {product} {ergonomic}
    uintx GCDrainStackTargetSize                   = 64                                        {product} {ergonomic}
   size_t InitialHeapSize                          = 134217728                                 {product} {ergonomic}
   size_t MarkStackSize                            = 4194304                                   {product} {ergonomic}
   size_t MaxHeapSize                              = 2116026368                                {product} {ergonomic}
   size_t MaxNewSize                               = 1268776960                                {product} {ergonomic}
   size_t MinHeapDeltaBytes                        = 1048576                                   {product} {ergonomic}
   size_t MinHeapSize                              = 8388608                                   {product} {ergonomic}
    uintx NonNMethodCodeHeapSize                   = 5839372                                {pd product} {ergonomic}
    uintx NonProfiledCodeHeapSize                  = 122909434                              {pd product} {ergonomic}
    uintx ProfiledCodeHeapSize                     = 122909434                              {pd product} {ergonomic}
    uintx ReservedCodeCacheSize                    = 251658240                              {pd product} {ergonomic}
     bool SegmentedCodeCache                       = true                                      {product} {ergonomic}
   size_t SoftMaxHeapSize                          = 2116026368                             {manageable} {ergonomic}
     bool UseCompressedClassPointers               = true                           {product lp64_product} {ergonomic}
     bool UseCompressedOops                        = true                           {product lp64_product} {ergonomic}
     bool UseG1GC                                  = true                                      {product} {ergonomic}
     bool UseLargePagesIndividualAllocation        = false                                  {pd product} {ergonomic}

Logging:
Log output configuration:
 #0: stdout all=warning uptime,level,tags
 #1: stderr all=off uptime,level,tags

Environment Variables:
JAVA_HOME=C:\Program Files\Java\jdk-17
PATH=D:\VMware\bin\;C:\Program Files\Microsoft\jdk-11.0.20.8-hotspot\bin;C:\Program Files\Common Files\Oracle\Java\javapath;C:\Python312\Scripts\;C:\Python312\;C:\Program Files (x86)\Common Files\Oracle\Java\javapath;C:\Windows\system32;C:\Windows;C:\Windows\System32\Wbem;C:\Windows\System32\WindowsPowerShell\v1.0\;C:\Windows\System32\OpenSSH\;C:\Program Files\Java\jdk-17\bin;C:\Program Files\apache-maven-3.6.0\bin;C:\Program Files\Git\cmd;C:\Program Files\nodejs\;C:\ProgramData\chocolatey\bin;C:\Users\Dell\AppData\Local\Android\Sdk\platform-tools;C:\Program Files\Gradle\gradle-8.4\bin;;C:\Program Files\Docker\Docker\resources\bin;C:\Users\Dell\AppData\Local\Microsoft\WindowsApps;C:\Users\Dell\AppData\Local\GitHubDesktop\bin;D:\VS Code\Microsoft VS Code\bin;C:\Users\Dell\AppData\Roaming\npm;C:\Program Files\JetBrains\IntelliJ IDEA Community Edition 2023.2.4\bin;;D:\IntelliJ\IntelliJ IDEA 2023.3.3\bin;
USERNAME=Dell
OS=Windows_NT
PROCESSOR_IDENTIFIER=Intel64 Family 6 Model 142 Stepping 12, GenuineIntel



---------------  S Y S T E M  ---------------

OS:
 Windows 10 , 64 bit Build 19041 (10.0.19041.3636)
OS uptime: 1 days 6:37 hours
Hyper-V role detected

CPU: total 8 (initial active 8) (4 cores per cpu, 2 threads per core) family 6 model 142 stepping 12 microcode 0xf8, cx8, cmov, fxsr, ht, mmx, 3dnowpref, sse, sse2, sse3, ssse3, sse4.1, sse4.2, popcnt, lzcnt, tsc, tscinvbit, avx, avx2, aes, erms, clmul, bmi1, bmi2, adx, fma, vzeroupper, clflush, clflushopt, hv

Memory: 4k page, system-wide physical 8067M (62M free)
TotalPageFile size 20963M (AvailPageFile size 6M)
current process WorkingSet (physical memory assigned to process): 232M, peak: 236M
current process commit charge ("private bytes"): 272M, peak: 276M

vm_info: Java HotSpot(TM) 64-Bit Server VM (17.0.9+11-LTS-201) for windows-amd64 JRE (17.0.9+11-LTS-201), built on Oct 10 2023 23:16:06 by "mach5one" with MS VC++ 17.1 (VS2022)

END.
